     1	NOP
     2	LOAD_FAST
     3	LOAD_CONST
     4	STORE_FAST
     5	POP_TOP
     6	ROT_TWO
     7	ROT_THREE
     8	DUP_TOP
     9	DUP_TOP_TWO
    10	UNARY_POSITIVE
    11	UNARY_NEGATIVE
    12	UNARY_NOT
    13	UNARY_INVERT
    14	BINARY_POWER
    15	BINARY_MULTIPLY
    16	BINARY_TRUE_DIVIDE
    17	BINARY_FLOOR_DIVIDE
    18	BINARY_MODULO
    19	BINARY_ADD
    20	BINARY_SUBTRACT
    21	BINARY_SUBSCR
    22	BINARY_LSHIFT
    23	BINARY_RSHIFT
    24	BINARY_AND
    25	BINARY_XOR
    26	BINARY_OR
    27	LIST_APPEND
    28	SET_ADD
    29	INPLACE_POWER
    30	INPLACE_MULTIPLY
    31	INPLACE_TRUE_DIVIDE
    32	INPLACE_FLOOR_DIVIDE
    33	INPLACE_MODULO
    34	INPLACE_ADD
    35	INPLACE_SUBTRACT
    36	INPLACE_LSHIFT
    37	INPLACE_RSHIFT
    38	INPLACE_AND
    39	INPLACE_XOR
    40	INPLACE_OR
    41	STORE_SUBSCR
    42	DELETE_SUBSCR
    43	PRINT_EXPR
    44	RAISE_VARARGS
    45	RETURN_VALUE
    46	YIELD_FROM
    47	YIELD_VALUE
    48	POP_EXCEPT
    49	POP_BLOCK
    50	END_FINALLY
    51	LOAD_BUILD_CLASS
    52	STORE_NAME
    53	DELETE_NAME
    54	UNPACK_SEQUENCE
    55	UNPACK_EX
    56	STORE_ATTR
    57	DELETE_ATTR
    58	STORE_GLOBAL
    59	DELETE_GLOBAL
    60	LOAD_NAME
    61	LOAD_GLOBAL
    62	DELETE_FAST
    63	DELETE_DEREF
    64	LOAD_CLOSURE
    65	LOAD_CLASSDEREF
    66	LOAD_DEREF
    67	STORE_DEREF
    68	BUILD_TUPLE
    69	BUILD_LIST
    70	BUILD_SET
    71	BUILD_MAP
    72	STORE_MAP
    73	MAP_ADD
    74	LOAD_ATTR
    75	COMPARE_OP
    76	IMPORT_NAME
    77	IMPORT_STAR
    78	IMPORT_FROM
    79	JUMP_FORWARD
    80	POP_JUMP_IF_FALSE
    81	POP_JUMP_IF_TRUE
    82	JUMP_IF_FALSE_OR_POP
    83	JUMP_IF_TRUE_OR_POP
    84	JUMP_ABSOLUTE
    85	GET_ITER
    86	FOR_ITER
    87	BREAK_LOOP
    88	CONTINUE_LOOP
    89	SETUP_LOOP, _setup_finally
    90	SETUP_EXCEPT, _setup_finally
    91	SETUP_FINALLY
    92	SETUP_WITH
    93	WITH_CLEANUP
    94	CALL_FUNCTION
    95	CALL_FUNCTION_VAR, _call_function_var_kw
    96	CALL_FUNCTION_KW, _call_function_var_kw
    97	CALL_FUNCTION_VAR_KW
    98	MAKE_CLOSURE, _make_function
    99	MAKE_FUNCTION
   100	BUILD_SLICE
   101	EXTENDED_ARG
